<?xml version="1.0" encoding="UTF-8"?>
<testsuite name="com.audition.web.AuditionControllerTest" tests="4" skipped="0" failures="0" errors="0" timestamp="2024-09-06T10:26:00" hostname="DESKTOP-SUSHIL" time="1.746">
  <properties/>
  <testcase name="getPostTest()" classname="com.audition.web.AuditionControllerTest" time="1.111"/>
  <testcase name="getPostsByIdTest()" classname="com.audition.web.AuditionControllerTest" time="0.055"/>
  <testcase name="getPostComments()" classname="com.audition.web.AuditionControllerTest" time="0.381"/>
  <testcase name="getCommentByPostId()" classname="com.audition.web.AuditionControllerTest" time="0.177"/>
  <system-out><![CDATA[2024-09-06 15:55:56.233  INFO [audition-api,,] 12180 --- [    Test worker] t.c.s.AnnotationConfigContextLoaderUtils : Could not detect default configuration classes for test class [com.audition.web.AuditionControllerTest]: AuditionControllerTest does not declare any static, non-private, non-final, nested classes annotated with @Configuration.
2024-09-06 15:55:56.296  INFO [audition-api,,] 12180 --- [    Test worker] .b.t.c.SpringBootTestContextBootstrapper : Found @SpringBootConfiguration com.audition.AuditionApplication for test class com.audition.web.AuditionControllerTest
15:55:56,703 |-INFO in ch.qos.logback.core.joran.util.ConfigurationWatchListUtil@7093b1f5 - Adding [jar:file:/C:/Users/Sushil%20Shakya/.gradle/caches/modules-2/files-2.1/org.springframework.boot/spring-boot/3.0.3/d781e7afbeb3d05ce361e9cc4fa7d38b15fb3862/spring-boot-3.0.3.jar!/org/springframework/boot/logging/logback/defaults.xml] to configuration watch list.
15:55:56,703 |-INFO in ch.qos.logback.core.joran.spi.ConfigurationWatchList@9f4a5b7 - URL [jar:file:/C:/Users/Sushil%20Shakya/.gradle/caches/modules-2/files-2.1/org.springframework.boot/spring-boot/3.0.3/d781e7afbeb3d05ce361e9cc4fa7d38b15fb3862/spring-boot-3.0.3.jar!/org/springframework/boot/logging/logback/defaults.xml] is not of type file
15:55:56,708 |-INFO in ch.qos.logback.core.joran.action.ConversionRuleAction - registering conversion word clr with class [org.springframework.boot.logging.logback.ColorConverter]
15:55:56,708 |-INFO in ch.qos.logback.core.joran.action.ConversionRuleAction - registering conversion word wex with class [org.springframework.boot.logging.logback.WhitespaceThrowableProxyConverter]
15:55:56,708 |-INFO in ch.qos.logback.core.joran.action.ConversionRuleAction - registering conversion word wEx with class [org.springframework.boot.logging.logback.ExtendedWhitespaceThrowableProxyConverter]
15:55:56,711 |-INFO in ch.qos.logback.core.model.processor.AppenderModelHandler - Processing appender named [console]
15:55:56,711 |-INFO in ch.qos.logback.core.model.processor.AppenderModelHandler - About to instantiate appender of type [ch.qos.logback.core.ConsoleAppender]
15:55:56,711 |-INFO in ch.qos.logback.core.model.processor.ImplicitModelHandler - Assuming default type [ch.qos.logback.classic.encoder.PatternLayoutEncoder] for [encoder] property
15:55:56,718 |-WARN in ch.qos.logback.core.model.processor.AppenderModelHandler - Appender named [flatfile] not referenced. Skipping further processing.
15:55:56,718 |-WARN in ch.qos.logback.core.model.processor.AppenderModelHandler - Appender named [logstash] not referenced. Skipping further processing.
15:55:56,718 |-INFO in ch.qos.logback.classic.model.processor.LoggerModelHandler - Setting level of logger [org.apache.catalina.startup.DigesterFactory] to ERROR
15:55:56,718 |-INFO in ch.qos.logback.classic.jul.LevelChangePropagator@42bf77f3 - Propagating ERROR level on Logger[org.apache.catalina.startup.DigesterFactory] onto the JUL framework
15:55:56,718 |-INFO in ch.qos.logback.classic.model.processor.LoggerModelHandler - Setting level of logger [org.apache.catalina.util.LifecycleBase] to ERROR
15:55:56,719 |-INFO in ch.qos.logback.classic.jul.LevelChangePropagator@42bf77f3 - Propagating ERROR level on Logger[org.apache.catalina.util.LifecycleBase] onto the JUL framework
15:55:56,719 |-INFO in ch.qos.logback.classic.model.processor.LoggerModelHandler - Setting level of logger [org.apache.coyote.http11.Http11NioProtocol] to WARN
15:55:56,719 |-INFO in ch.qos.logback.classic.jul.LevelChangePropagator@42bf77f3 - Propagating WARN level on Logger[org.apache.coyote.http11.Http11NioProtocol] onto the JUL framework
15:55:56,719 |-INFO in ch.qos.logback.classic.model.processor.LoggerModelHandler - Setting level of logger [org.apache.sshd.common.util.SecurityUtils] to WARN
15:55:56,719 |-INFO in ch.qos.logback.classic.jul.LevelChangePropagator@42bf77f3 - Propagating WARN level on Logger[org.apache.sshd.common.util.SecurityUtils] onto the JUL framework
15:55:56,719 |-INFO in ch.qos.logback.classic.model.processor.LoggerModelHandler - Setting level of logger [org.apache.tomcat.util.net.NioSelectorPool] to WARN
15:55:56,719 |-INFO in ch.qos.logback.classic.jul.LevelChangePropagator@42bf77f3 - Propagating WARN level on Logger[org.apache.tomcat.util.net.NioSelectorPool] onto the JUL framework
15:55:56,719 |-INFO in ch.qos.logback.classic.model.processor.LoggerModelHandler - Setting level of logger [org.eclipse.jetty.util.component.AbstractLifeCycle] to ERROR
15:55:56,719 |-INFO in ch.qos.logback.classic.jul.LevelChangePropagator@42bf77f3 - Propagating ERROR level on Logger[org.eclipse.jetty.util.component.AbstractLifeCycle] onto the JUL framework
15:55:56,719 |-INFO in ch.qos.logback.classic.model.processor.LoggerModelHandler - Setting level of logger [org.hibernate.validator.internal.util.Version] to WARN
15:55:56,719 |-INFO in ch.qos.logback.classic.jul.LevelChangePropagator@42bf77f3 - Propagating WARN level on Logger[org.hibernate.validator.internal.util.Version] onto the JUL framework
15:55:56,719 |-INFO in ch.qos.logback.classic.model.processor.LoggerModelHandler - Setting level of logger [org.springframework.boot.actuate.endpoint.jmx] to WARN
15:55:56,719 |-INFO in ch.qos.logback.classic.jul.LevelChangePropagator@42bf77f3 - Propagating WARN level on Logger[org.springframework.boot.actuate.endpoint.jmx] onto the JUL framework
15:55:56,719 |-INFO in ch.qos.logback.classic.model.processor.RootLoggerModelHandler - Setting level of ROOT logger to INFO
15:55:56,719 |-INFO in ch.qos.logback.classic.jul.LevelChangePropagator@42bf77f3 - Propagating INFO level on Logger[ROOT] onto the JUL framework
15:55:56,719 |-INFO in ch.qos.logback.core.model.processor.AppenderRefModelHandler - Attaching appender named [console] to Logger[ROOT]
15:55:56,720 |-INFO in ch.qos.logback.core.model.processor.DefaultProcessor@2bd9f1d3 - End of configuration.
15:55:56,720 |-INFO in org.springframework.boot.logging.logback.SpringBootJoranConfigurator@50ab29b3 - Registering current configuration as safe fallback point


  .   ____          _            __ _ _
 /\\ / ___'_ __ _ _(_)_ __  __ _ \ \ \ \
( ( )\___ | '_ | '_| | '_ \/ _` | \ \ \ \
 \\/  ___)| |_)| | | | | || (_| |  ) ) ) )
  '  |____| .__|_| |_|_| |_\__, | / / / /
 =========|_|==============|___/=/_/_/_/
 :: Spring Boot ::                (v3.0.3)

2024-09-06 15:55:56.770  INFO [audition-api,,] 12180 --- [    Test worker] c.audition.web.AuditionControllerTest    : Starting AuditionControllerTest using Java 17.0.7 with PID 12180 (started by Sushil Shakya in F:\inteli_workspace\audition_api)
2024-09-06 15:55:56.771  INFO [audition-api,,] 12180 --- [    Test worker] c.audition.web.AuditionControllerTest    : No active profile set, falling back to 1 default profile: "default"
2024-09-06 15:55:56.778  INFO [audition-api,,] 12180 --- [    Test worker] o.s.c.c.c.ConfigServerConfigDataLoader   : Fetching config from server at : http://localhost:8888
2024-09-06 15:55:56.779  INFO [audition-api,,] 12180 --- [    Test worker] o.s.c.c.c.ConfigServerConfigDataLoader   : Connect Timeout Exception on Url - http://localhost:8888. Will try the next url if available
2024-09-06 15:55:56.780  WARN [audition-api,,] 12180 --- [    Test worker] o.s.c.c.c.ConfigServerConfigDataLoader   : Could not locate PropertySource ([ConfigServerConfigDataResource@235d0bb9 uris = array<String>['http://localhost:8888'], optional = true, profiles = list['default']]): I/O error on GET request for "http://localhost:8888/audition-api/default": Connection refused: no further information
2024-09-06 15:55:59.528  INFO [audition-api,,] 12180 --- [    Test worker] o.s.b.t.m.w.SpringBootMockServletContext : Initializing Spring TestDispatcherServlet ''
2024-09-06 15:55:59.528  INFO [audition-api,,] 12180 --- [    Test worker] o.s.t.web.servlet.TestDispatcherServlet  : Initializing Servlet ''
2024-09-06 15:55:59.542  INFO [audition-api,,] 12180 --- [    Test worker] o.s.t.web.servlet.TestDispatcherServlet  : Completed initialization in 3 ms
2024-09-06 15:56:00.269  INFO [audition-api,,] 12180 --- [    Test worker] c.audition.web.AuditionControllerTest    : Started AuditionControllerTest in 3.965 seconds (process running for 87.439)

MockHttpServletRequest:
      HTTP Method = GET
      Request URI = /posts
       Parameters = {userId=[1]}
          Headers = []
             Body = null
    Session Attrs = {}

Handler:
             Type = com.audition.web.AuditionController
           Method = com.audition.web.AuditionController#getPosts(Integer)

Async:
    Async started = false
     Async result = null

Resolved Exception:
             Type = null

ModelAndView:
        View name = null
             View = null
            Model = null

FlashMap:
       Attributes = null

MockHttpServletResponse:
           Status = 200
    Error message = null
          Headers = [Content-Type:"application/json"]
     Content type = application/json
             Body = [{"userId":1,"id":1,"title":"IT","body":"Post Assignment work"}]
    Forwarded URL = null
   Redirected URL = null
          Cookies = []

MockHttpServletRequest:
      HTTP Method = GET
      Request URI = /posts/1
       Parameters = {}
          Headers = []
             Body = null
    Session Attrs = {}

Handler:
             Type = com.audition.web.AuditionController
           Method = com.audition.web.AuditionController#getPostsById(Integer)

Async:
    Async started = false
     Async result = null

Resolved Exception:
             Type = null

ModelAndView:
        View name = null
             View = null
            Model = null

FlashMap:
       Attributes = null

MockHttpServletResponse:
           Status = 200
    Error message = null
          Headers = [Content-Type:"application/json"]
     Content type = application/json
             Body = {"userId":1,"id":1,"title":"IT","body":"Post Assignment work"}
    Forwarded URL = null
   Redirected URL = null
          Cookies = []

MockHttpServletRequest:
      HTTP Method = GET
      Request URI = /posts/3/comments
       Parameters = {}
          Headers = []
             Body = null
    Session Attrs = {}

Handler:
             Type = com.audition.web.AuditionController
           Method = com.audition.web.AuditionController#getPostComments(String)

Async:
    Async started = false
     Async result = null

Resolved Exception:
             Type = null

ModelAndView:
        View name = null
             View = null
            Model = null

FlashMap:
       Attributes = null

MockHttpServletResponse:
           Status = 200
    Error message = null
          Headers = [Content-Type:"application/json"]
     Content type = application/json
             Body = [{"postId":3,"id":11,"name":"Alex","email":"alex@xyz.com","body":"Comments Assignment work"}]
    Forwarded URL = null
   Redirected URL = null
          Cookies = []

MockHttpServletRequest:
      HTTP Method = GET
      Request URI = /comments
       Parameters = {postId=[3]}
          Headers = []
             Body = null
    Session Attrs = {}

Handler:
             Type = com.audition.web.AuditionController
           Method = com.audition.web.AuditionController#getCommentByPostId(String)

Async:
    Async started = false
     Async result = null

Resolved Exception:
             Type = null

ModelAndView:
        View name = null
             View = null
            Model = null

FlashMap:
       Attributes = null

MockHttpServletResponse:
           Status = 200
    Error message = null
          Headers = [Content-Type:"application/json"]
     Content type = application/json
             Body = [{"postId":3,"id":11,"name":"Alex","email":"alex@xyz.com","body":"Comments Assignment work"}]
    Forwarded URL = null
   Redirected URL = null
          Cookies = []
]]></system-out>
  <system-err><![CDATA[]]></system-err>
</testsuite>
